pid[91117] 2024-01-14 18:44:01.574 INFO: check_toolchain: /usr/bin/minimap2 found
pid[91117] 2024-01-14 18:44:01.574 INFO: check_toolchain: /usr/bin/bwa found
pid[91117] 2024-01-14 18:44:01.575 INFO: check_toolchain: /usr/bin/bowtie2 found
pid[91117] 2024-01-14 18:44:01.575 WARNING: check_toolchain: spoa not found
pid[91117] 2024-01-14 18:44:01.576 INFO: check_toolchain: /usr/bin/mafft found
pid[91117] 2024-01-14 18:44:01.576 INFO: Running the pipeline
pid[91117] 2024-01-14 18:44:01.576 INFO: minimap2_path = minimap2
pid[91117] 2024-01-14 18:44:01.576 INFO: spoa_path     = spoa
pid[91117] 2024-01-14 18:44:01.576 INFO: config_file = 
pid[91117] 2024-01-14 18:44:01.576 INFO: primer_file = primers.csv
pid[91117] 2024-01-14 18:44:01.576 INFO: prfg_fs     = 500-1200
pid[91117] 2024-01-14 18:44:01.576 INFO: prfg_config = -k5 -w1 -s 20 -P
pid[91117] 2024-01-14 18:44:01.576 INFO: prfg_pmr_thresh = 10
pid[91117] 2024-01-14 18:44:01.576 INFO: db_file     = pseudodb.csv.gz
pid[91117] 2024-01-14 18:44:01.576 INFO: N fastq     = 0
pid[91117] 2024-01-14 18:44:01.576 INFO: frag_folder = ./frags/
pid[91117] 2024-01-14 18:44:01.576 INFO: fgs_config  = -k10 -w1
pid[91117] 2024-01-14 18:44:01.576 INFO: msa_folder  = ./msa/
pid[91117] 2024-01-14 18:44:01.576 INFO: msa_config  = -n -15 -g -10 -l 0 -r 0
pid[91117] 2024-01-14 18:44:01.576 INFO: msa_metric  = AS
pid[91117] 2024-01-14 18:44:01.576 INFO: msa_thresh  = 50
pid[91117] 2024-01-14 18:44:01.577 INFO: msa_batch_size   = 100
pid[91117] 2024-01-14 18:44:01.577 INFO: msa_gap_thresh   = 4
pid[91117] 2024-01-14 18:44:01.577 INFO: msa_padding      = 0
pid[91117] 2024-01-14 18:44:01.577 INFO: msa_thread_lock  = False
pid[91117] 2024-01-14 18:44:01.577 INFO: cons_file        = consensus.csv.gz
pid[91117] 2024-01-14 18:44:01.577 INFO: fpmr_config      = -k5 -w1 -s 20 -P
pid[91117] 2024-01-14 18:44:01.577 INFO: fpmr_thresh      = 10
pid[91117] 2024-01-14 18:44:01.577 INFO: pmatch_file      = pmatch.csv.gz
pid[91117] 2024-01-14 18:44:01.577 INFO: cin_file         = barcode02_concatenated.csv
pid[91117] 2024-01-14 18:44:01.577 INFO: cout_file        = barcode02_clusters.csv
pid[91117] 2024-01-14 18:44:01.577 INFO: clst_init        = 
pid[91117] 2024-01-14 18:44:01.577 INFO: clst_folder      = ./clusters/
pid[91117] 2024-01-14 18:44:01.577 INFO: clst_pw_config   = -k15 -w10 -p 0.9 -D
pid[91117] 2024-01-14 18:44:01.577 INFO: clst_N      = 2000
pid[91117] 2024-01-14 18:44:01.577 INFO: clst_th_s   = 4
pid[91117] 2024-01-14 18:44:01.577 INFO: clst_th_m   = 0.9
pid[91117] 2024-01-14 18:44:01.577 INFO: clst_min_k  = 5
pid[91117] 2024-01-14 18:44:01.577 INFO: clst_csize  = 20
pid[91117] 2024-01-14 18:44:01.577 INFO: clst_N_iter = 5
pid[91117] 2024-01-14 18:44:01.577 INFO: workspace        = ./workspace/
pid[91117] 2024-01-14 18:44:01.577 INFO: Run Pseudoref generator = False
pid[91117] 2024-01-14 18:44:01.577 INFO: Run Fragment Search     = False
pid[91117] 2024-01-14 18:44:01.577 INFO: Run Multi-Seq Alignment = False
pid[91117] 2024-01-14 18:44:01.578 INFO: Run Consensus           = False
pid[91117] 2024-01-14 18:44:01.578 INFO: Run primer match        = False
pid[91117] 2024-01-14 18:44:01.578 INFO: Run trim primers        = False
pid[91117] 2024-01-14 18:44:01.578 INFO: Run clustering          = True
pid[91117] 2024-01-14 18:44:01.578 INFO: low_mem                 = False
pid[91117] 2024-01-14 18:44:01.578 INFO: Loading cin_file: barcode02_concatenated.csv
pid[91117] 2024-01-14 18:44:01.578 INFO: Loading barcode02_concatenated.csv
pid[91117] 2024-01-14 18:44:01.581 INFO: cluster_sample: nothing to cluster
