pid[11984] 2024-06-05 21:28:49.016 INFO: check_toolchain: /home/pascal/anaconda3/envs/GEANS/bin/minimap2 found
pid[11984] 2024-06-05 21:28:49.016 INFO: check_toolchain: /usr/bin/bwa found
pid[11984] 2024-06-05 21:28:49.016 INFO: check_toolchain: /usr/bin/bowtie2 found
pid[11984] 2024-06-05 21:28:49.016 INFO: check_toolchain: /home/pascal/anaconda3/envs/GEANS/bin/spoa found
pid[11984] 2024-06-05 21:28:49.016 INFO: check_toolchain: /usr/bin/mafft found
pid[11984] 2024-06-05 21:28:49.016 INFO: Running the pipeline
pid[11984] 2024-06-05 21:28:49.016 INFO: minimap2_path = minimap2
pid[11984] 2024-06-05 21:28:49.016 INFO: spoa_path     = spoa
pid[11984] 2024-06-05 21:28:49.016 INFO: config_file = 
pid[11984] 2024-06-05 21:28:49.016 INFO: primer_file = primers.csv
pid[11984] 2024-06-05 21:28:49.016 INFO: prfg_fs     = 500-1200
pid[11984] 2024-06-05 21:28:49.016 INFO: prfg_config = -k5 -w1 -s 20 -P
pid[11984] 2024-06-05 21:28:49.016 INFO: prfg_pmr_thresh = 10
pid[11984] 2024-06-05 21:28:49.016 INFO: db_file     = pseudodb.csv.gz
pid[11984] 2024-06-05 21:28:49.016 INFO: N fastq     = 0
pid[11984] 2024-06-05 21:28:49.016 INFO: frag_folder = ./frags/
pid[11984] 2024-06-05 21:28:49.016 INFO: fgs_config  = -k10 -w1
pid[11984] 2024-06-05 21:28:49.016 INFO: msa_folder  = ./msa/
pid[11984] 2024-06-05 21:28:49.016 INFO: msa_config  = -n -15 -g -10 -l 0 -r 0
pid[11984] 2024-06-05 21:28:49.016 INFO: msa_metric  = AS
pid[11984] 2024-06-05 21:28:49.016 INFO: msa_thresh  = 50
pid[11984] 2024-06-05 21:28:49.016 INFO: msa_batch_size   = 100
pid[11984] 2024-06-05 21:28:49.016 INFO: msa_gap_thresh   = 4
pid[11984] 2024-06-05 21:28:49.017 INFO: msa_padding      = 0
pid[11984] 2024-06-05 21:28:49.017 INFO: msa_thread_lock  = False
pid[11984] 2024-06-05 21:28:49.017 INFO: cons_file        = consensus.csv.gz
pid[11984] 2024-06-05 21:28:49.017 INFO: fpmr_config      = -k5 -w1 -s 20 -P
pid[11984] 2024-06-05 21:28:49.017 INFO: fpmr_thresh      = 10
pid[11984] 2024-06-05 21:28:49.017 INFO: pmatch_file      = pmatch.csv.gz
pid[11984] 2024-06-05 21:28:49.017 INFO: cin_file         = barcode02_concatenated.csv
pid[11984] 2024-06-05 21:28:49.017 INFO: cout_file        = barcode02_clusters.csv
pid[11984] 2024-06-05 21:28:49.017 INFO: clst_init        = 
pid[11984] 2024-06-05 21:28:49.017 INFO: clst_folder      = ./clusters/
pid[11984] 2024-06-05 21:28:49.017 INFO: clst_pw_config   = -k15 -w10 -p 0.9 -D
pid[11984] 2024-06-05 21:28:49.017 INFO: clst_N      = 2000
pid[11984] 2024-06-05 21:28:49.017 INFO: clst_th_s   = 4
pid[11984] 2024-06-05 21:28:49.017 INFO: clst_th_m   = 0.9
pid[11984] 2024-06-05 21:28:49.017 INFO: clst_min_k  = 5
pid[11984] 2024-06-05 21:28:49.017 INFO: clst_csize  = 20
pid[11984] 2024-06-05 21:28:49.017 INFO: clst_N_iter = 5
pid[11984] 2024-06-05 21:28:49.017 INFO: workspace        = ./workspace/
pid[11984] 2024-06-05 21:28:49.017 INFO: Run Pseudoref generator = False
pid[11984] 2024-06-05 21:28:49.017 INFO: Run Fragment Search     = False
pid[11984] 2024-06-05 21:28:49.017 INFO: Run Multi-Seq Alignment = False
pid[11984] 2024-06-05 21:28:49.017 INFO: Run Consensus           = False
pid[11984] 2024-06-05 21:28:49.017 INFO: Run primer match        = False
pid[11984] 2024-06-05 21:28:49.017 INFO: Run trim primers        = False
pid[11984] 2024-06-05 21:28:49.017 INFO: Run clustering          = True
pid[11984] 2024-06-05 21:28:49.017 INFO: low_mem                 = False
pid[11984] 2024-06-05 21:28:49.017 INFO: Loading cin_file: barcode02_concatenated.csv
pid[11984] 2024-06-05 21:28:49.017 INFO: Loading barcode02_concatenated.csv
